{"name": "test_register_error_code", "status": "broken", "statusDetails": {"message": "selenium.common.exceptions.NoAlertPresentException: Message: no such alert\n  (Session info: chrome=89.0.4389.82)", "trace": "self = <testcases.test_user_register.TestUserRegister object at 0x10d203760>\n\n    @allure.story(\"输入错误的验证码\")\n    def test_register_error_code(self):\n        username = util.get_random_str()\n        email = '%s@qq.com' % username\n        pwd = 123\n        confirm_pwd = 123\n        captcha = '666'\n        expected = '验证码不正确'\n    \n        self.driver.find_element_by_name(\"username\").send_keys(username)\n        self.driver.find_element_by_name(\"email\").send_keys(email)\n        self.driver.find_element_by_name(\"pwd\").send_keys(pwd)\n        self.driver.find_element_by_name(\"confirmPwd\").send_keys(confirm_pwd)\n        self.driver.find_element_by_id(\"captcha\").send_keys(captcha)\n        # self.driver.find_element_by_class_name(\"btn\").click()\n        # WebDriverWait(self.driver, 3).until(EC.alert_is_present())\n        # util.save_screenshot(self.driver)\n    \n        st = time.strftime(\"%Y-%m-%d-%H-%M-%S\", time.localtime())\n        filename = st + '.png'\n        dirname = os.path.abspath(\"screenshots\")\n        self.driver.get_screenshot_as_file(\"%s/%s\" % (dirname, filename))\n    \n>       alert = self.driver.switch_to.alert\n\ntestcases/test_user_register.py:46: \n_ _ _ _ _ _ _ _ _ _ _ _ _ _ _ _ _ _ _ _ _ _ _ _ _ _ _ _ _ _ _ _ _ _ _ _ _ _ _ _ \n/Library/Python/3.8/site-packages/selenium/webdriver/remote/switch_to.py:55: in alert\n    alert.text\n/Library/Python/3.8/site-packages/selenium/webdriver/common/alert.py:67: in text\n    return self.driver.execute(Command.W3C_GET_ALERT_TEXT)[\"value\"]\n/Library/Python/3.8/site-packages/selenium/webdriver/remote/webdriver.py:321: in execute\n    self.error_handler.check_response(response)\n_ _ _ _ _ _ _ _ _ _ _ _ _ _ _ _ _ _ _ _ _ _ _ _ _ _ _ _ _ _ _ _ _ _ _ _ _ _ _ _ \n\nself = <selenium.webdriver.remote.errorhandler.ErrorHandler object at 0x10d22a0a0>\nresponse = {'status': 404, 'value': '{\"value\":{\"error\":\"no such alert\",\"message\":\"no such alert\\\\n  (Session info: chrome=89.0.43...fff203f3950 _pthread_start + 224\\\\n19  libsystem_pthread.dylib             0x00007fff203ef47b thread_start + 15\\\\n\"}}'}\n\n    def check_response(self, response):\n        \"\"\"\n        Checks that a JSON response from the WebDriver does not have an error.\n    \n        :Args:\n         - response - The JSON response from the WebDriver server as a dictionary\n           object.\n    \n        :Raises: If the response contains an error message.\n        \"\"\"\n        status = response.get('status', None)\n        if status is None or status == ErrorCode.SUCCESS:\n            return\n        value = None\n        message = response.get(\"message\", \"\")\n        screen = response.get(\"screen\", \"\")\n        stacktrace = None\n        if isinstance(status, int):\n            value_json = response.get('value', None)\n            if value_json and isinstance(value_json, basestring):\n                import json\n                try:\n                    value = json.loads(value_json)\n                    if len(value.keys()) == 1:\n                        value = value['value']\n                    status = value.get('error', None)\n                    if status is None:\n                        status = value[\"status\"]\n                        message = value[\"value\"]\n                        if not isinstance(message, basestring):\n                            value = message\n                            message = message.get('message')\n                    else:\n                        message = value.get('message', None)\n                except ValueError:\n                    pass\n    \n        exception_class = ErrorInResponseException\n        if status in ErrorCode.NO_SUCH_ELEMENT:\n            exception_class = NoSuchElementException\n        elif status in ErrorCode.NO_SUCH_FRAME:\n            exception_class = NoSuchFrameException\n        elif status in ErrorCode.NO_SUCH_WINDOW:\n            exception_class = NoSuchWindowException\n        elif status in ErrorCode.STALE_ELEMENT_REFERENCE:\n            exception_class = StaleElementReferenceException\n        elif status in ErrorCode.ELEMENT_NOT_VISIBLE:\n            exception_class = ElementNotVisibleException\n        elif status in ErrorCode.INVALID_ELEMENT_STATE:\n            exception_class = InvalidElementStateException\n        elif status in ErrorCode.INVALID_SELECTOR \\\n                or status in ErrorCode.INVALID_XPATH_SELECTOR \\\n                or status in ErrorCode.INVALID_XPATH_SELECTOR_RETURN_TYPER:\n            exception_class = InvalidSelectorException\n        elif status in ErrorCode.ELEMENT_IS_NOT_SELECTABLE:\n            exception_class = ElementNotSelectableException\n        elif status in ErrorCode.ELEMENT_NOT_INTERACTABLE:\n            exception_class = ElementNotInteractableException\n        elif status in ErrorCode.INVALID_COOKIE_DOMAIN:\n            exception_class = InvalidCookieDomainException\n        elif status in ErrorCode.UNABLE_TO_SET_COOKIE:\n            exception_class = UnableToSetCookieException\n        elif status in ErrorCode.TIMEOUT:\n            exception_class = TimeoutException\n        elif status in ErrorCode.SCRIPT_TIMEOUT:\n            exception_class = TimeoutException\n        elif status in ErrorCode.UNKNOWN_ERROR:\n            exception_class = WebDriverException\n        elif status in ErrorCode.UNEXPECTED_ALERT_OPEN:\n            exception_class = UnexpectedAlertPresentException\n        elif status in ErrorCode.NO_ALERT_OPEN:\n            exception_class = NoAlertPresentException\n        elif status in ErrorCode.IME_NOT_AVAILABLE:\n            exception_class = ImeNotAvailableException\n        elif status in ErrorCode.IME_ENGINE_ACTIVATION_FAILED:\n            exception_class = ImeActivationFailedException\n        elif status in ErrorCode.MOVE_TARGET_OUT_OF_BOUNDS:\n            exception_class = MoveTargetOutOfBoundsException\n        elif status in ErrorCode.JAVASCRIPT_ERROR:\n            exception_class = JavascriptException\n        elif status in ErrorCode.SESSION_NOT_CREATED:\n            exception_class = SessionNotCreatedException\n        elif status in ErrorCode.INVALID_ARGUMENT:\n            exception_class = InvalidArgumentException\n        elif status in ErrorCode.NO_SUCH_COOKIE:\n            exception_class = NoSuchCookieException\n        elif status in ErrorCode.UNABLE_TO_CAPTURE_SCREEN:\n            exception_class = ScreenshotException\n        elif status in ErrorCode.ELEMENT_CLICK_INTERCEPTED:\n            exception_class = ElementClickInterceptedException\n        elif status in ErrorCode.INSECURE_CERTIFICATE:\n            exception_class = InsecureCertificateException\n        elif status in ErrorCode.INVALID_COORDINATES:\n            exception_class = InvalidCoordinatesException\n        elif status in ErrorCode.INVALID_SESSION_ID:\n            exception_class = InvalidSessionIdException\n        elif status in ErrorCode.UNKNOWN_METHOD:\n            exception_class = UnknownMethodException\n        else:\n            exception_class = WebDriverException\n        if value == '' or value is None:\n            value = response['value']\n        if isinstance(value, basestring):\n            if exception_class == ErrorInResponseException:\n                raise exception_class(response, value)\n            raise exception_class(value)\n        if message == \"\" and 'message' in value:\n            message = value['message']\n    \n        screen = None\n        if 'screen' in value:\n            screen = value['screen']\n    \n        stacktrace = None\n        if 'stackTrace' in value and value['stackTrace']:\n            stacktrace = []\n            try:\n                for frame in value['stackTrace']:\n                    line = self._value_or_default(frame, 'lineNumber', '')\n                    file = self._value_or_default(frame, 'fileName', '<anonymous>')\n                    if line:\n                        file = \"%s:%s\" % (file, line)\n                    meth = self._value_or_default(frame, 'methodName', '<anonymous>')\n                    if 'className' in frame:\n                        meth = \"%s.%s\" % (frame['className'], meth)\n                    msg = \"    at %s (%s)\"\n                    msg = msg % (meth, file)\n                    stacktrace.append(msg)\n            except TypeError:\n                pass\n        if exception_class == ErrorInResponseException:\n            raise exception_class(response, message)\n        elif exception_class == UnexpectedAlertPresentException:\n            alert_text = None\n            if 'data' in value:\n                alert_text = value['data'].get('text')\n            elif 'alert' in value:\n                alert_text = value['alert'].get('text')\n            raise exception_class(message, screen, stacktrace, alert_text)\n>       raise exception_class(message, screen, stacktrace)\nE       selenium.common.exceptions.NoAlertPresentException: Message: no such alert\nE         (Session info: chrome=89.0.4389.82)\n\n/Library/Python/3.8/site-packages/selenium/webdriver/remote/errorhandler.py:242: NoAlertPresentException"}, "start": 1615686744583, "stop": 1615686745865, "uuid": "e299b67a-3af7-43a3-bd94-e09c639561a6", "historyId": "bb81ee43795619be592e54006184249b", "testCaseId": "c08958ddb0f7fa83ef8cf743e070ea78", "fullName": "testcases.test_user_register.TestUserRegister#test_register_error_code", "labels": [{"name": "story", "value": "输入错误的验证码"}, {"name": "feature", "value": "用户注册"}, {"name": "parentSuite", "value": "testcases"}, {"name": "suite", "value": "test_user_register"}, {"name": "subSuite", "value": "TestUserRegister"}, {"name": "host", "value": "xuyaogangdeAir.lan"}, {"name": "thread", "value": "16956-MainThread"}, {"name": "framework", "value": "pytest"}, {"name": "language", "value": "cpython3"}, {"name": "package", "value": "testcases.test_user_register"}]}